INFO 2025-10-20 00:30:50,469 autoreload Watching for file changes with StatReloader
INFO 2025-10-20 00:30:52,646 basehttp "GET / HTTP/1.1" 200 11539
WARNING 2025-10-20 00:30:57,812 base Session data corrupted
INFO 2025-10-20 00:30:57,818 basehttp "GET /admin/ HTTP/1.1" 302 0
WARNING 2025-10-20 00:30:57,821 base Session data corrupted
INFO 2025-10-20 00:30:57,885 basehttp "GET /admin/login/?next=/admin/ HTTP/1.1" 200 4173
INFO 2025-10-20 00:30:57,977 basehttp "GET /static/admin/css/base.css HTTP/1.1" 304 0
INFO 2025-10-20 00:30:57,995 basehttp "GET /static/admin/css/dark_mode.css HTTP/1.1" 304 0
INFO 2025-10-20 00:30:57,995 basehttp "GET /static/admin/js/theme.js HTTP/1.1" 304 0
INFO 2025-10-20 00:30:58,001 basehttp "GET /static/admin/css/nav_sidebar.css HTTP/1.1" 304 0
INFO 2025-10-20 00:30:58,004 basehttp "GET /static/admin/css/responsive.css HTTP/1.1" 304 0
INFO 2025-10-20 00:30:58,007 basehttp "GET /static/admin/js/nav_sidebar.js HTTP/1.1" 304 0
INFO 2025-10-20 00:30:58,060 basehttp "GET /static/admin/css/login.css HTTP/1.1" 200 951
WARNING 2025-10-20 00:30:59,597 base Session data corrupted
INFO 2025-10-20 00:31:00,003 basehttp "POST /admin/login/?next=/admin/ HTTP/1.1" 302 0
INFO 2025-10-20 00:31:00,017 basehttp "GET /admin/ HTTP/1.1" 200 10763
INFO 2025-10-20 00:31:00,036 basehttp "GET /static/admin/css/dashboard.css HTTP/1.1" 304 0
INFO 2025-10-20 00:31:00,041 basehttp "GET /static/admin/img/icon-addlink.svg HTTP/1.1" 304 0
INFO 2025-10-20 00:31:00,042 basehttp "GET /static/admin/img/icon-changelink.svg HTTP/1.1" 304 0
INFO 2025-10-20 00:31:08,549 basehttp "GET /admin/recipes/subscriber/ HTTP/1.1" 200 17577
INFO 2025-10-20 00:31:08,575 basehttp "GET /static/admin/css/changelists.css HTTP/1.1" 200 6878
INFO 2025-10-20 00:31:08,587 basehttp "GET /static/admin/js/jquery.init.js HTTP/1.1" 200 347
INFO 2025-10-20 00:31:08,598 basehttp "GET /admin/jsi18n/ HTTP/1.1" 200 3342
INFO 2025-10-20 00:31:08,598 basehttp "GET /static/admin/js/core.js HTTP/1.1" 200 6208
INFO 2025-10-20 00:31:08,600 basehttp "GET /static/admin/js/actions.js HTTP/1.1" 200 8076
INFO 2025-10-20 00:31:08,601 basehttp "GET /static/admin/js/admin/RelatedObjectLookups.js HTTP/1.1" 200 9777
INFO 2025-10-20 00:31:08,613 basehttp "GET /static/admin/js/urlify.js HTTP/1.1" 200 7887
INFO 2025-10-20 00:31:08,615 basehttp "GET /static/admin/img/search.svg HTTP/1.1" 200 458
INFO 2025-10-20 00:31:08,619 basehttp "GET /static/admin/js/prepopulate.js HTTP/1.1" 200 1531
INFO 2025-10-20 00:31:08,619 basehttp "GET /static/admin/img/icon-yes.svg HTTP/1.1" 200 436
INFO 2025-10-20 00:31:08,636 basehttp "GET /static/admin/js/vendor/jquery/jquery.js HTTP/1.1" 200 285314
INFO 2025-10-20 00:31:08,659 basehttp "GET /static/admin/js/filters.js HTTP/1.1" 200 978
INFO 2025-10-20 00:31:08,696 basehttp "GET /static/admin/js/vendor/xregexp/xregexp.js HTTP/1.1" 200 325171
INFO 2025-10-20 00:31:08,717 basehttp "GET /static/admin/img/tooltag-add.svg HTTP/1.1" 200 331
INFO 2025-10-20 00:31:08,718 basehttp "GET /static/admin/img/icon-viewlink.svg HTTP/1.1" 200 581
INFO 2025-10-20 00:31:08,719 basehttp "GET /static/admin/img/sorting-icons.svg HTTP/1.1" 200 1097
INFO 2025-10-20 00:31:14,770 basehttp "GET /admin/ HTTP/1.1" 200 10763
INFO 2025-10-20 00:31:32,398 basehttp "GET /api/recipes/ HTTP/1.1" 200 344
INFO 2025-10-20 00:31:38,702 basehttp "GET /api/recipes/ HTTP/1.1" 200 344
INFO 2025-10-20 00:34:00,122 basehttp "GET /api/ HTTP/1.1" 200 5444
INFO 2025-10-20 00:34:00,221 basehttp "GET /static/rest_framework/css/prettify.css HTTP/1.1" 200 817
INFO 2025-10-20 00:34:00,221 basehttp "GET /static/rest_framework/css/default.css HTTP/1.1" 200 1152
INFO 2025-10-20 00:34:00,221 basehttp "GET /static/rest_framework/css/bootstrap-tweaks.css HTTP/1.1" 200 3426
INFO 2025-10-20 00:34:00,224 basehttp "GET /static/rest_framework/css/bootstrap.min.css HTTP/1.1" 200 121457
INFO 2025-10-20 00:34:00,234 basehttp "GET /static/rest_framework/js/ajax-form.js HTTP/1.1" 200 3796
INFO 2025-10-20 00:34:00,239 basehttp "GET /static/rest_framework/js/default.js HTTP/1.1" 200 1268
INFO 2025-10-20 00:34:00,242 basehttp "GET /static/rest_framework/js/csrf.js HTTP/1.1" 200 1793
INFO 2025-10-20 00:34:00,246 basehttp "GET /static/rest_framework/js/load-ajax-form.js HTTP/1.1" 200 59
INFO 2025-10-20 00:34:00,247 basehttp "GET /static/rest_framework/img/grid.png HTTP/1.1" 200 1458
INFO 2025-10-20 00:34:00,251 basehttp "GET /static/rest_framework/js/prettify-min.js HTTP/1.1" 200 13632
INFO 2025-10-20 00:34:00,260 basehttp "GET /static/rest_framework/js/bootstrap.min.js HTTP/1.1" 200 39680
INFO 2025-10-20 00:34:00,262 basehttp "GET /static/rest_framework/js/jquery-3.7.1.min.js HTTP/1.1" 200 87533
INFO 2025-10-20 00:34:06,848 basehttp "GET /api/ HTTP/1.1" 200 5444
INFO 2025-10-20 00:34:09,740 basehttp "OPTIONS /api/ HTTP/1.1" 200 5592
INFO 2025-10-20 00:34:10,980 basehttp "OPTIONS /api/ HTTP/1.1" 200 5592
INFO 2025-10-20 00:34:11,479 basehttp "OPTIONS /api/ HTTP/1.1" 200 5592
INFO 2025-10-20 00:34:12,148 basehttp "OPTIONS /api/ HTTP/1.1" 200 5592
INFO 2025-10-20 00:34:12,924 basehttp "GET /api/ HTTP/1.1" 200 5444
INFO 2025-10-20 00:34:13,885 basehttp "GET /api/ HTTP/1.1" 200 5444
INFO 2025-10-20 00:34:14,217 basehttp "GET /api/ HTTP/1.1" 200 5444
INFO 2025-10-20 00:34:16,105 basehttp "GET /api/ HTTP/1.1" 200 5444
INFO 2025-10-20 00:34:17,435 basehttp "GET /api/?format=json HTTP/1.1" 200 141
INFO 2025-10-20 00:34:20,388 basehttp "GET /api/?format=api HTTP/1.1" 200 5488
INFO 2025-10-20 00:34:27,390 basehttp "GET /api/recipes/ HTTP/1.1" 200 16532
INFO 2025-10-20 00:34:27,582 basehttp "GET /static/rest_framework/fonts/glyphicons-halflings-regular.woff2 HTTP/1.1" 200 18028
INFO 2025-10-20 00:34:43,514 basehttp "GET /review/ HTTP/1.1" 200 5876
INFO 2025-10-20 00:35:15,105 basehttp "GET /contact/ HTTP/1.1" 200 5267
INFO 2025-10-20 00:35:37,743 basehttp "GET / HTTP/1.1" 200 11539
INFO 2025-10-20 00:35:41,102 basehttp "GET /contact/ HTTP/1.1" 200 5267
INFO 2025-10-20 00:35:43,199 basehttp "GET /review/ HTTP/1.1" 200 5876
INFO 2025-10-20 00:36:28,081 basehttp "GET /api/stats/ HTTP/1.1" 200 101
INFO 2025-10-20 00:37:19,172 basehttp "GET /api/recipes/ HTTP/1.1" 200 344
INFO 2025-10-20 00:37:23,518 basehttp "GET /api/categories/ HTTP/1.1" 200 196
INFO 2025-10-20 00:42:26,404 autoreload Watching for file changes with StatReloader
INFO 2025-10-19 18:01:57,236 autoreload Watching for file changes with StatReloader
INFO 2025-10-19 18:07:30,131 autoreload Watching for file changes with StatReloader
INFO 2025-10-20 01:13:16,914 autoreload C:\Projects\Restaurant web\restaurant_web\settings.py changed, reloading.
INFO 2025-10-20 01:13:17,156 autoreload C:\Projects\Restaurant web\restaurant_web\settings.py changed, reloading.
